Tue Oct 17 18:05:10 2017 - Serving started
Tue Oct 17 18:10:54 2017 - Serving started
Wed Oct 18 06:59:00 2017 - Received signal SIGTERM ending...
Wed Oct 18 06:59:00 2017 - Serving stopped (UL: 3879331 [1383295], DL: 38365)
Tue Oct 17 18:10:56 2017 - Serving started
Wed Oct 18 06:59:00 2017 - Received signal SIGTERM ending...
Wed Oct 18 06:59:00 2017 - Serving stopped (UL: 2027262 [559329], DL: 19396)
Wed Oct 18 03:29:33 2017 - Serving started
Wed Oct 18 06:59:00 2017 - Received signal SIGTERM ending...
Wed Oct 18 06:59:00 2017 - Serving stopped (UL: 854911 [290025], DL: 8646)
Wed Oct 18 03:29:33 2017 - Serving started
Wed Oct 18 06:59:00 2017 - Received signal SIGTERM ending...
Wed Oct 18 06:59:00 2017 - Serving stopped (UL: 1454712 [704700], DL: 20562)
Wed Oct 18 03:29:33 2017 - Serving started
Wed Oct 18 06:59:00 2017 - Received signal SIGTERM ending...
Wed Oct 18 06:59:00 2017 - Serving stopped (UL: 383209 [60939], DL: 9097)
Wed Oct 18 03:29:33 2017 - Serving started
Wed Oct 18 06:59:00 2017 - Received signal SIGTERM ending...
Wed Oct 18 06:59:00 2017 - Serving stopped (UL: 40667 [1697], DL: 293)
Wed Oct 18 03:29:32 2017 - Serving started
Wed Oct 18 06:59:00 2017 - Received signal SIGTERM ending...
Wed Oct 18 06:59:00 2017 - Serving stopped (UL: 98596 [2141], DL: 2545)
Wed Oct 18 03:29:33 2017 - Serving started
Wed Oct 18 06:59:00 2017 - Received signal SIGTERM ending...
Wed Oct 18 06:59:00 2017 - Serving stopped (UL: 29411 [1697], DL: 1798)
Wed Oct 18 03:29:33 2017 - Serving started
Wed Oct 18 06:59:00 2017 - Received signal SIGTERM ending...
Wed Oct 18 06:59:00 2017 - Serving stopped (UL: 770782 [183578], DL: 51440)
Wed Oct 18 03:29:33 2017 - Serving started
Wed Oct 18 06:59:00 2017 - Received signal SIGTERM ending...
Wed Oct 18 06:59:00 2017 - Serving stopped (UL: 890183 [258736], DL: 15780)
Wed Oct 18 03:29:33 2017 - Serving started
Wed Oct 18 06:59:00 2017 - Received signal SIGTERM ending...
Wed Oct 18 06:59:00 2017 - Serving stopped (UL: 473863 [96537], DL: 11860)
Wed Oct 18 03:29:33 2017 - Serving started
Wed Oct 18 06:59:00 2017 - Received signal SIGTERM ending...
Wed Oct 18 06:59:00 2017 - Serving stopped (UL: 74814 [3356], DL: 5211)
Wed Oct 18 03:29:33 2017 - Serving started
Wed Oct 18 06:59:00 2017 - Received signal SIGTERM ending...
Wed Oct 18 06:59:00 2017 - Serving stopped (UL: 62217 [1678], DL: 5142)
Wed Oct 18 03:29:32 2017 - Serving started
Wed Oct 18 06:59:00 2017 - Received signal SIGTERM ending...
Wed Oct 18 06:59:00 2017 - Serving stopped (UL: 106629 [2124], DL: 2720)
Wed Oct 18 03:29:32 2017 - Serving started
Wed Oct 18 06:59:00 2017 - Received signal SIGTERM ending...
Wed Oct 18 06:59:00 2017 - Serving stopped (UL: 452140 [111359], DL: 10192)
Wed Oct 18 03:29:33 2017 - Serving started
Wed Oct 18 06:59:00 2017 - Received signal SIGTERM ending...
Wed Oct 18 06:59:00 2017 - Serving stopped (UL: 950197 [330163], DL: 20636)
Wed Oct 18 03:29:33 2017 - Serving started
Wed Oct 18 06:59:00 2017 - Received signal SIGTERM ending...
Wed Oct 18 06:59:00 2017 - Serving stopped (UL: 1266456 [569081], DL: 53503)
Wed Oct 18 03:29:33 2017 - Serving started
Wed Oct 18 06:59:00 2017 - Received signal SIGTERM ending...
Wed Oct 18 06:59:00 2017 - Serving stopped (UL: 1060996 [473185], DL: 41616)
Wed Oct 18 03:29:33 2017 - Serving started
Wed Oct 18 06:59:00 2017 - Received signal SIGTERM ending...
Wed Oct 18 06:59:00 2017 - Serving stopped (UL: 390891 [136743], DL: 7195)
Wed Oct 18 03:29:33 2017 - Serving started
Wed Oct 18 06:59:00 2017 - Received signal SIGTERM ending...
Wed Oct 18 06:59:00 2017 - Serving stopped (UL: 137257 [1695], DL: 314)
Wed Oct 18 03:29:33 2017 - Serving started
Wed Oct 18 06:59:00 2017 - Received signal SIGTERM ending...
Wed Oct 18 06:59:00 2017 - Serving stopped (UL: 462552 [59044], DL: 4072)
Wed Oct 18 03:29:33 2017 - Serving started
Wed Oct 18 06:59:00 2017 - Received signal SIGTERM ending...
Wed Oct 18 06:59:00 2017 - Serving stopped (UL: 1046017 [430523], DL: 20076)
Wed Oct 18 03:29:33 2017 - Serving started
Sat Jan 27 06:59:00 2018 - Received signal SIGTERM ending...
Sat Jan 27 06:59:00 2018 - Serving stopped (UL: 5021053 [2032746], DL: 67540)
Fri Jan 26 08:09:20 2018 - Serving started
Sat Jan 27 06:59:00 2018 - Received signal SIGTERM ending...
Sat Jan 27 06:59:00 2018 - Serving stopped (UL: 3257428 [1340651], DL: 49491)
Fri Jan 26 08:09:19 2018 - Serving started
Sat Jan 27 06:59:00 2018 - Received signal SIGTERM ending...
Sat Jan 27 06:59:00 2018 - Serving stopped (UL: 4307866 [1878300], DL: 42030)
Fri Jan 26 08:09:19 2018 - Serving started
Sat Jan 27 06:59:00 2018 - Received signal SIGTERM ending...
Sat Jan 27 06:59:00 2018 - Serving stopped (UL: 2798308 [505292], DL: 78260)
Fri Jan 26 08:09:20 2018 - Serving started
Sat Jan 27 06:59:00 2018 - Received signal SIGTERM ending...
Sat Jan 27 06:59:00 2018 - Serving stopped (UL: 2299443 [370303], DL: 45743)
Fri Jan 26 08:09:20 2018 - Serving started
Sat Jan 27 06:59:00 2018 - Received signal SIGTERM ending...
Sat Jan 27 06:59:00 2018 - Serving stopped (UL: 4124846 [1085525], DL: 74761)
Fri Jan 26 08:09:20 2018 - Serving started
Sat Jan 27 06:59:00 2018 - Received signal SIGTERM ending...
Sat Jan 27 06:59:00 2018 - Serving stopped (UL: 8977087 [5003624], DL: 246812)
Fri Jan 26 08:09:20 2018 - Serving started
Sat Jan 27 06:59:00 2018 - Received signal SIGTERM ending...
Sat Jan 27 06:59:00 2018 - Serving stopped (UL: 7758488 [2962813], DL: 212992)
Fri Jan 26 08:09:20 2018 - Serving started
Fri Jan 26 08:09:19 2018 - Serving started
Fri Jan 26 08:09:20 2018 - Serving started
Sat Jan 27 06:59:00 2018 - Received signal SIGTERM ending...
Sat Jan 27 06:59:00 2018 - Serving stopped (UL: 4465395 [1768018], DL: 102823)
Fri Jan 26 08:09:20 2018 - Serving started
Sat Jan 27 06:59:00 2018 - Received signal SIGTERM ending...
Sat Jan 27 06:59:00 2018 - Serving stopped (UL: 4658078 [1404523], DL: 212156)
Fri Jan 26 08:09:20 2018 - Serving started
Sat Jan 27 06:59:00 2018 - Received signal SIGTERM ending...
Sat Jan 27 06:59:00 2018 - Serving stopped (UL: 8732219 [4505040], DL: 224022)
Fri Jan 26 08:09:20 2018 - Serving started
Sat Jan 27 06:59:00 2018 - Received signal SIGTERM ending...
Sat Jan 27 06:59:00 2018 - Serving stopped (UL: 10250956 [5910523], DL: 216881)
Fri Jan 26 08:09:20 2018 - Serving started
Fri Jan 26 08:09:20 2018 - Serving started
Sat Jan 27 06:59:00 2018 - Received signal SIGTERM ending...
Sat Jan 27 06:59:00 2018 - Serving stopped (UL: 15613195 [10513901], DL: 233555)
Fri Jan 26 08:09:19 2018 - Serving started
Sat Jan 27 06:59:00 2018 - Received signal SIGTERM ending...
Sat Jan 27 06:59:00 2018 - Serving stopped (UL: 10536023 [6221965], DL: 169791)
Fri Jan 26 08:09:20 2018 - Serving started
Sat Jan 27 06:59:00 2018 - Received signal SIGTERM ending...
Sat Jan 27 06:59:00 2018 - Serving stopped (UL: 8435705 [3624199], DL: 86783)
Fri Jan 26 08:09:20 2018 - Serving started
Sat Jan 27 06:59:00 2018 - Received signal SIGTERM ending...
Sat Jan 27 06:59:00 2018 - Serving stopped (UL: 12034089 [7295977], DL: 103789)
Fri Jan 26 08:09:20 2018 - Serving started
Sat Jan 27 06:59:00 2018 - Received signal SIGTERM ending...
Sat Jan 27 06:59:00 2018 - Serving stopped (UL: 12736574 [7849955], DL: 150697)
Fri Jan 26 08:09:20 2018 - Serving started
Sat Jan 27 06:59:00 2018 - Received signal SIGTERM ending...
Sat Jan 27 06:59:00 2018 - Serving stopped (UL: 11363163 [7346342], DL: 117064)
Fri Jan 26 08:09:20 2018 - Serving started
Fri Jan 26 08:09:20 2018 - Serving started
Sat Jan 27 06:59:00 2018 - Received signal SIGTERM ending...
Sat Jan 27 06:59:00 2018 - Serving stopped (UL: 6649214 [3089554], DL: 94997)
Fri Jan 26 08:09:20 2018 - Serving started
Sat Jan 27 06:59:00 2018 - Received signal SIGTERM ending...
Sat Jan 27 06:59:00 2018 - Serving stopped (UL: 7453047 [3504553], DL: 148249)
Fri Jan 26 08:09:19 2018 - Serving started
Sat Jan 27 06:59:00 2018 - Received signal SIGTERM ending...
Sat Jan 27 06:59:00 2018 - Serving stopped (UL: 10629232 [6694128], DL: 104192)
Fri Jan 26 08:09:20 2018 - Serving started
Sat Jan 27 06:59:00 2018 - Received signal SIGTERM ending...
Sat Jan 27 06:59:00 2018 - Serving stopped (UL: 17541963 [12341089], DL: 108028)
Fri Jan 26 08:09:20 2018 - Serving started
